<?xml version="1.0" encoding="UTF-8"?>
<!-- Generated by org.testng.reporters.JUnitReportReporter -->
<testsuite skipped="0" hostname="DEVESHK-M-R0FQ" name="com.qa.heartsApp.TestCase.LoginTests" tests="1" failures="0" timestamp="30 May 2020 03:38:05 GMT" time="45.131" errors="0">
  <testcase name="testLogin" time="45.131" classname="com.qa.heartsApp.TestCase.LoginTests"/>
</testsuite> <!-- com.qa.heartsApp.TestCase.LoginTests -->
