<?xml version="1.0" encoding="UTF-8"?>
<!-- Generated by org.testng.reporters.JUnitReportReporter -->
<testsuite skipped="0" hostname="DEVESHK-M-R0FQ" name="com.qa.heartsApp.TestCase.ManagedConfigurationTests" tests="1" failures="0" timestamp="29 May 2020 23:35:31 GMT" time="0.098" errors="0">
  <testcase name="testLogin" time="0.098" classname="com.qa.heartsApp.TestCase.ManagedConfigurationTests"/>
</testsuite> <!-- com.qa.heartsApp.TestCase.ManagedConfigurationTests -->
